Flow report for bf_time_pcm_de3
Sat Nov 10 02:49:50 2018
Quartus II 64-Bit Version 13.0.1 Build 232 06/12/2013 Service Pack 1 SJ Full Version


---------------------
; Table of Contents ;
---------------------
  1. Legal Notice
  2. Flow Summary
  3. Flow Settings
  4. Flow Non-Default Global Settings
  5. Flow Elapsed Time
  6. Flow OS Summary
  7. Flow Log
  8. Flow Messages
  9. Flow Suppressed Messages



----------------
; Legal Notice ;
----------------
Copyright (C) 1991-2013 Altera Corporation
Your use of Altera Corporation's design tools, logic functions 
and other software and tools, and its AMPP partner logic 
functions, and any output files from any of the foregoing 
(including device programming or simulation files), and any 
associated documentation or information are expressly subject 
to the terms and conditions of the Altera Program License 
Subscription Agreement, Altera MegaCore Function License 
Agreement, or other applicable license agreement, including, 
without limitation, that your use is for the sole purpose of 
programming logic devices manufactured by Altera and sold by 
Altera or its authorized distributors.  Please refer to the 
applicable agreement for further details.



+----------------------------------------------------------------------------------+
; Flow Summary                                                                     ;
+-------------------------------+--------------------------------------------------+
; Flow Status                   ; Successful - Sat Nov 10 02:48:37 2018            ;
; Quartus II 64-Bit Version     ; 13.0.1 Build 232 06/12/2013 SP 1 SJ Full Version ;
; Revision Name                 ; bf_time_pcm_de3                                  ;
; Top-level Entity Name         ; bf_time_pcm_de3                                  ;
; Family                        ; Stratix III                                      ;
; Device                        ; EP3SL150F1152C2                                  ;
; Timing Models                 ; Final                                            ;
; Logic utilization             ; 24 %                                             ;
;     Combinational ALUTs       ; 21,181 / 113,600 ( 19 % )                        ;
;     Memory ALUTs              ; 0 / 56,800 ( 0 % )                               ;
;     Dedicated logic registers ; 14,921 / 113,600 ( 13 % )                        ;
; Total registers               ; 14921                                            ;
; Total pins                    ; 594 / 744 ( 80 % )                               ;
; Total virtual pins            ; 0                                                ;
; Total block memory bits       ; 1,343,936 / 5,630,976 ( 24 % )                   ;
; DSP block 18-bit elements     ; 4 / 384 ( 1 % )                                  ;
; Total PLLs                    ; 0 / 8 ( 0 % )                                    ;
; Total DLLs                    ; 0 / 4 ( 0 % )                                    ;
+-------------------------------+--------------------------------------------------+


+-----------------------------------------+
; Flow Settings                           ;
+-------------------+---------------------+
; Option            ; Setting             ;
+-------------------+---------------------+
; Start date & time ; 11/10/2018 02:33:22 ;
; Main task         ; Compilation         ;
; Revision Name     ; bf_time_pcm_de3     ;
+-------------------+---------------------+


+----------------------------------------------------------------------------------------------------------------------------------------------------------------------------+
; Flow Non-Default Global Settings                                                                                                                                           ;
+-------------------------------------+-----------------------------------------------------------------------+---------------+---------------------------------+------------+
; Assignment Name                     ; Value                                                                 ; Default Value ; Entity Name                     ; Section Id ;
+-------------------------------------+-----------------------------------------------------------------------+---------------+---------------------------------+------------+
; COMPILER_SIGNATURE_ID               ; 90520743889487.154184600102532                                        ; --            ; --                              ; --         ;
; IP_TOOL_ENV                         ; Qsys                                                                  ; --            ; altera_avalon_sc_fifo           ; --         ;
; IP_TOOL_ENV                         ; Qsys                                                                  ; --            ; altera_merlin_master_agent      ; --         ;
; IP_TOOL_ENV                         ; Qsys                                                                  ; --            ; altera_merlin_master_translator ; --         ;
; IP_TOOL_ENV                         ; Qsys                                                                  ; --            ; altera_merlin_slave_agent       ; --         ;
; IP_TOOL_ENV                         ; Qsys                                                                  ; --            ; altera_merlin_slave_translator  ; --         ;
; IP_TOOL_ENV                         ; Qsys                                                                  ; --            ; altera_merlin_traffic_limiter   ; --         ;
; IP_TOOL_ENV                         ; Qsys                                                                  ; --            ; altera_reset_controller         ; --         ;
; IP_TOOL_ENV                         ; Qsys                                                                  ; --            ; bf_time_pcm                     ; --         ;
; IP_TOOL_ENV                         ; Qsys                                                                  ; --            ; bf_time_pcm_addr_router         ; --         ;
; IP_TOOL_ENV                         ; Qsys                                                                  ; --            ; bf_time_pcm_addr_router_001     ; --         ;
; IP_TOOL_ENV                         ; Qsys                                                                  ; --            ; bf_time_pcm_cmd_xbar_demux      ; --         ;
; IP_TOOL_ENV                         ; Qsys                                                                  ; --            ; bf_time_pcm_cmd_xbar_demux_001  ; --         ;
; IP_TOOL_ENV                         ; Qsys                                                                  ; --            ; bf_time_pcm_cmd_xbar_mux        ; --         ;
; IP_TOOL_ENV                         ; Qsys                                                                  ; --            ; bf_time_pcm_cpu                 ; --         ;
; IP_TOOL_ENV                         ; Qsys                                                                  ; --            ; bf_time_pcm_id_router           ; --         ;
; IP_TOOL_ENV                         ; Qsys                                                                  ; --            ; bf_time_pcm_id_router_002       ; --         ;
; IP_TOOL_ENV                         ; Qsys                                                                  ; --            ; bf_time_pcm_irq_mapper          ; --         ;
; IP_TOOL_ENV                         ; Qsys                                                                  ; --            ; bf_time_pcm_jtag_uart           ; --         ;
; IP_TOOL_ENV                         ; Qsys                                                                  ; --            ; bf_time_pcm_onchip_memory       ; --         ;
; IP_TOOL_ENV                         ; Qsys                                                                  ; --            ; bf_time_pcm_rsp_xbar_demux      ; --         ;
; IP_TOOL_ENV                         ; Qsys                                                                  ; --            ; bf_time_pcm_rsp_xbar_demux_002  ; --         ;
; IP_TOOL_ENV                         ; Qsys                                                                  ; --            ; bf_time_pcm_rsp_xbar_mux        ; --         ;
; IP_TOOL_ENV                         ; Qsys                                                                  ; --            ; bf_time_pcm_rsp_xbar_mux_001    ; --         ;
; IP_TOOL_ENV                         ; Qsys                                                                  ; --            ; bf_time_pcm_sysid               ; --         ;
; IP_TOOL_ENV                         ; Qsys                                                                  ; --            ; bf_time_pcm_timer               ; --         ;
; IP_TOOL_NAME                        ; ALTCLKCTRL                                                            ; --            ; --                              ; --         ;
; IP_TOOL_NAME                        ; altera_avalon_sc_fifo                                                 ; --            ; altera_avalon_sc_fifo           ; --         ;
; IP_TOOL_NAME                        ; altera_merlin_master_agent                                            ; --            ; altera_merlin_master_agent      ; --         ;
; IP_TOOL_NAME                        ; altera_merlin_master_translator                                       ; --            ; altera_merlin_master_translator ; --         ;
; IP_TOOL_NAME                        ; altera_merlin_slave_agent                                             ; --            ; altera_merlin_slave_agent       ; --         ;
; IP_TOOL_NAME                        ; altera_merlin_slave_translator                                        ; --            ; altera_merlin_slave_translator  ; --         ;
; IP_TOOL_NAME                        ; altera_merlin_traffic_limiter                                         ; --            ; altera_merlin_traffic_limiter   ; --         ;
; IP_TOOL_NAME                        ; altera_reset_controller                                               ; --            ; altera_reset_controller         ; --         ;
; IP_TOOL_NAME                        ; Qsys                                                                  ; --            ; bf_time_pcm                     ; --         ;
; IP_TOOL_NAME                        ; altera_merlin_router                                                  ; --            ; bf_time_pcm_addr_router         ; --         ;
; IP_TOOL_NAME                        ; altera_merlin_router                                                  ; --            ; bf_time_pcm_addr_router_001     ; --         ;
; IP_TOOL_NAME                        ; altera_merlin_demultiplexer                                           ; --            ; bf_time_pcm_cmd_xbar_demux      ; --         ;
; IP_TOOL_NAME                        ; altera_merlin_demultiplexer                                           ; --            ; bf_time_pcm_cmd_xbar_demux_001  ; --         ;
; IP_TOOL_NAME                        ; altera_merlin_multiplexer                                             ; --            ; bf_time_pcm_cmd_xbar_mux        ; --         ;
; IP_TOOL_NAME                        ; altera_nios2_qsys                                                     ; --            ; bf_time_pcm_cpu                 ; --         ;
; IP_TOOL_NAME                        ; altera_merlin_router                                                  ; --            ; bf_time_pcm_id_router           ; --         ;
; IP_TOOL_NAME                        ; altera_merlin_router                                                  ; --            ; bf_time_pcm_id_router_002       ; --         ;
; IP_TOOL_NAME                        ; altera_irq_mapper                                                     ; --            ; bf_time_pcm_irq_mapper          ; --         ;
; IP_TOOL_NAME                        ; altera_avalon_jtag_uart                                               ; --            ; bf_time_pcm_jtag_uart           ; --         ;
; IP_TOOL_NAME                        ; altera_avalon_onchip_memory2                                          ; --            ; bf_time_pcm_onchip_memory       ; --         ;
; IP_TOOL_NAME                        ; altera_merlin_demultiplexer                                           ; --            ; bf_time_pcm_rsp_xbar_demux      ; --         ;
; IP_TOOL_NAME                        ; altera_merlin_demultiplexer                                           ; --            ; bf_time_pcm_rsp_xbar_demux_002  ; --         ;
; IP_TOOL_NAME                        ; altera_merlin_multiplexer                                             ; --            ; bf_time_pcm_rsp_xbar_mux        ; --         ;
; IP_TOOL_NAME                        ; altera_merlin_multiplexer                                             ; --            ; bf_time_pcm_rsp_xbar_mux_001    ; --         ;
; IP_TOOL_NAME                        ; altera_avalon_sysid_qsys                                              ; --            ; bf_time_pcm_sysid               ; --         ;
; IP_TOOL_NAME                        ; altera_avalon_timer                                                   ; --            ; bf_time_pcm_timer               ; --         ;
; IP_TOOL_VERSION                     ; 13.0                                                                  ; --            ; --                              ; --         ;
; IP_TOOL_VERSION                     ; 13.0                                                                  ; --            ; altera_avalon_sc_fifo           ; --         ;
; IP_TOOL_VERSION                     ; 13.0                                                                  ; --            ; altera_merlin_master_agent      ; --         ;
; IP_TOOL_VERSION                     ; 13.0                                                                  ; --            ; altera_merlin_master_translator ; --         ;
; IP_TOOL_VERSION                     ; 13.0                                                                  ; --            ; altera_merlin_slave_agent       ; --         ;
; IP_TOOL_VERSION                     ; 13.0                                                                  ; --            ; altera_merlin_slave_translator  ; --         ;
; IP_TOOL_VERSION                     ; 13.0                                                                  ; --            ; altera_merlin_traffic_limiter   ; --         ;
; IP_TOOL_VERSION                     ; 13.0                                                                  ; --            ; altera_reset_controller         ; --         ;
; IP_TOOL_VERSION                     ; 13.0sp1                                                               ; --            ; bf_time_pcm                     ; --         ;
; IP_TOOL_VERSION                     ; 13.0                                                                  ; --            ; bf_time_pcm_addr_router         ; --         ;
; IP_TOOL_VERSION                     ; 13.0                                                                  ; --            ; bf_time_pcm_addr_router_001     ; --         ;
; IP_TOOL_VERSION                     ; 13.0                                                                  ; --            ; bf_time_pcm_cmd_xbar_demux      ; --         ;
; IP_TOOL_VERSION                     ; 13.0                                                                  ; --            ; bf_time_pcm_cmd_xbar_demux_001  ; --         ;
; IP_TOOL_VERSION                     ; 13.0                                                                  ; --            ; bf_time_pcm_cmd_xbar_mux        ; --         ;
; IP_TOOL_VERSION                     ; 13.0                                                                  ; --            ; bf_time_pcm_cpu                 ; --         ;
; IP_TOOL_VERSION                     ; 13.0                                                                  ; --            ; bf_time_pcm_id_router           ; --         ;
; IP_TOOL_VERSION                     ; 13.0                                                                  ; --            ; bf_time_pcm_id_router_002       ; --         ;
; IP_TOOL_VERSION                     ; 13.0                                                                  ; --            ; bf_time_pcm_irq_mapper          ; --         ;
; IP_TOOL_VERSION                     ; 13.0.1.99.2                                                           ; --            ; bf_time_pcm_jtag_uart           ; --         ;
; IP_TOOL_VERSION                     ; 13.0.1.99.2                                                           ; --            ; bf_time_pcm_onchip_memory       ; --         ;
; IP_TOOL_VERSION                     ; 13.0                                                                  ; --            ; bf_time_pcm_rsp_xbar_demux      ; --         ;
; IP_TOOL_VERSION                     ; 13.0                                                                  ; --            ; bf_time_pcm_rsp_xbar_demux_002  ; --         ;
; IP_TOOL_VERSION                     ; 13.0                                                                  ; --            ; bf_time_pcm_rsp_xbar_mux        ; --         ;
; IP_TOOL_VERSION                     ; 13.0                                                                  ; --            ; bf_time_pcm_rsp_xbar_mux_001    ; --         ;
; IP_TOOL_VERSION                     ; 13.0                                                                  ; --            ; bf_time_pcm_sysid               ; --         ;
; IP_TOOL_VERSION                     ; 13.0.1.99.2                                                           ; --            ; bf_time_pcm_timer               ; --         ;
; MAX_CORE_JUNCTION_TEMP              ; 85                                                                    ; --            ; --                              ; --         ;
; MIN_CORE_JUNCTION_TEMP              ; 0                                                                     ; --            ; --                              ; --         ;
; MISC_FILE                           ; ip/bf_time_pcm/synthesis/../../../../common/qsys/bf_time_pcm.cmp      ; --            ; --                              ; --         ;
; MISC_FILE                           ; ip/bf_time_pcm/synthesis/../../../../common/qsys/bf_time_pcm.qsys     ; --            ; --                              ; --         ;
; NOMINAL_CORE_SUPPLY_VOLTAGE         ; 1.1V                                                                  ; --            ; --                              ; --         ;
; PARTITION_COLOR                     ; 16764057                                                              ; --            ; DE3                             ; Top        ;
; PARTITION_COLOR                     ; 16764057                                                              ; --            ; --                              ; Top        ;
; PARTITION_FITTER_PRESERVATION_LEVEL ; PLACEMENT_AND_ROUTING                                                 ; --            ; DE3                             ; Top        ;
; PARTITION_FITTER_PRESERVATION_LEVEL ; PLACEMENT_AND_ROUTING                                                 ; --            ; --                              ; Top        ;
; PARTITION_NETLIST_TYPE              ; SOURCE                                                                ; --            ; DE3                             ; Top        ;
; PARTITION_NETLIST_TYPE              ; SOURCE                                                                ; --            ; --                              ; Top        ;
; PROJECT_OUTPUT_DIRECTORY            ; output_files                                                          ; --            ; --                              ; --         ;
; SLD_INFO                            ; QSYS_NAME bf_time_pcm HAS_SOPCINFO 1 GENERATION_ID 1541845955         ; --            ; bf_time_pcm                     ; --         ;
; SOPCINFO_FILE                       ; ip/bf_time_pcm/synthesis/../../../../common/qsys/bf_time_pcm.sopcinfo ; --            ; --                              ; --         ;
; SYNTHESIS_ONLY_QIP                  ; On                                                                    ; --            ; --                              ; --         ;
+-------------------------------------+-----------------------------------------------------------------------+---------------+---------------------------------+------------+


+-------------------------------------------------------------------------------------------------------------------------------+
; Flow Elapsed Time                                                                                                             ;
+---------------------------+--------------+-------------------------+---------------------+------------------------------------+
; Module Name               ; Elapsed Time ; Average Processors Used ; Peak Virtual Memory ; Total CPU Time (on all processors) ;
+---------------------------+--------------+-------------------------+---------------------+------------------------------------+
; Analysis & Synthesis      ; 00:04:39     ; 1.0                     ; 5045 MB             ; 00:02:33                           ;
; Fitter                    ; 00:07:27     ; 1.0                     ; 5672 MB             ; 00:06:09                           ;
; Assembler                 ; 00:01:06     ; 1.0                     ; 4854 MB             ; 00:00:18                           ;
; TimeQuest Timing Analyzer ; 00:01:07     ; 1.0                     ; 5183 MB             ; 00:00:47                           ;
; Total                     ; 00:14:19     ; --                      ; --                  ; 00:09:47                           ;
+---------------------------+--------------+-------------------------+---------------------+------------------------------------+


+----------------------------------------------------------------------------------------+
; Flow OS Summary                                                                        ;
+---------------------------+------------------+-----------+------------+----------------+
; Module Name               ; Machine Hostname ; OS Name   ; OS Version ; Processor type ;
+---------------------------+------------------+-----------+------------+----------------+
; Analysis & Synthesis      ; DESKTOP-IHFIC5I  ; Windows 7 ; 6.2        ; x86_64         ;
; Fitter                    ; DESKTOP-IHFIC5I  ; Windows 7 ; 6.2        ; x86_64         ;
; Assembler                 ; DESKTOP-IHFIC5I  ; Windows 7 ; 6.2        ; x86_64         ;
; TimeQuest Timing Analyzer ; DESKTOP-IHFIC5I  ; Windows 7 ; 6.2        ; x86_64         ;
+---------------------------+------------------+-----------+------------+----------------+


------------
; Flow Log ;
------------
quartus_map --read_settings_files=on --write_settings_files=off bf_time_pcm_de3 -c bf_time_pcm_de3
quartus_fit --read_settings_files=off --write_settings_files=off bf_time_pcm_de3 -c bf_time_pcm_de3
quartus_asm --read_settings_files=off --write_settings_files=off bf_time_pcm_de3 -c bf_time_pcm_de3
quartus_sta bf_time_pcm_de3 -c bf_time_pcm_de3



