Assembler report for bf_time_pcm_de1_soc
Sat May 11 04:04:15 2019
Quartus Prime Version 16.0.0 Build 211 04/27/2016 SJ Lite Edition


---------------------
; Table of Contents ;
---------------------
  1. Legal Notice
  2. Assembler Summary
  3. Assembler Settings
  4. Assembler Encrypted IP Cores Summary
  5. Assembler Generated Files
  6. Assembler Device Options: bf_time_pcm_de1_soc_time_limited.sof
  7. Assembler Messages



----------------
; Legal Notice ;
----------------
Copyright (C) 1991-2016 Altera Corporation. All rights reserved.
Your use of Altera Corporation's design tools, logic functions 
and other software and tools, and its AMPP partner logic 
functions, and any output files from any of the foregoing 
(including device programming or simulation files), and any 
associated documentation or information are expressly subject 
to the terms and conditions of the Altera Program License 
Subscription Agreement, the Altera Quartus Prime License Agreement,
the Altera MegaCore Function License Agreement, or other 
applicable license agreement, including, without limitation, 
that your use is for the sole purpose of programming logic 
devices manufactured by Altera and sold by Altera or its 
authorized distributors.  Please refer to the applicable 
agreement for further details.



+---------------------------------------------------------------+
; Assembler Summary                                             ;
+-----------------------+---------------------------------------+
; Assembler Status      ; Successful - Sat May 11 04:04:15 2019 ;
; Revision Name         ; bf_time_pcm_de1_soc                   ;
; Top-level Entity Name ; bf_time_pcm_de1_soc                   ;
; Family                ; Cyclone V                             ;
; Device                ; 5CSEMA5F31C6                          ;
+-----------------------+---------------------------------------+


+----------------------------------+
; Assembler Settings               ;
+--------+---------+---------------+
; Option ; Setting ; Default Value ;
+--------+---------+---------------+


+---------------------------------------------------+
; Assembler Encrypted IP Cores Summary              ;
+--------+--------------------------+---------------+
; Vendor ; IP Core Name             ; License Type  ;
+--------+--------------------------+---------------+
; Altera ; NCO Compiler (6AF7 0014) ; OpenCore Plus ;
; Altera ; Signal Tap (6AF7 BCE1)   ; Licensed      ;
; Altera ; Signal Tap (6AF7 BCEC)   ; Licensed      ;
+--------+--------------------------+---------------+


+--------------------------------------+
; Assembler Generated Files            ;
+--------------------------------------+
; File Name                            ;
+--------------------------------------+
; bf_time_pcm_de1_soc_time_limited.sof ;
+--------------------------------------+


+----------------------------------------------------------------+
; Assembler Device Options: bf_time_pcm_de1_soc_time_limited.sof ;
+----------------+-----------------------------------------------+
; Option         ; Setting                                       ;
+----------------+-----------------------------------------------+
; Device         ; 5CSEMA5F31C6                                  ;
; JTAG usercode  ; 0x071EEADC                                    ;
; Checksum       ; 0x071EEADC                                    ;
+----------------+-----------------------------------------------+


+--------------------+
; Assembler Messages ;
+--------------------+
Info: *******************************************************************
Info: Running Quartus Prime Assembler
    Info: Version 16.0.0 Build 211 04/27/2016 SJ Lite Edition
    Info: Processing started: Sat May 11 04:03:39 2019
Info: Command: quartus_asm --read_settings_files=off --write_settings_files=off bf_time_pcm_de1_soc -c bf_time_pcm_de1_soc
Warning (18236): Number of processors has not been specified which may cause overloading on shared machines.  Set the global assignment NUM_PARALLEL_PROCESSORS in your QSF to an appropriate value for best performance.
Info (115030): Assembler is generating device programming files
Info (115017): Design contains a time-limited core -- only a single, time-limited programming file can be generated
Warning (12914): The file, /home/scarbajali/OneDrive/Projects/Master/Thesis/hardware/bf_time_pcm/common/qsys/bf_time_pcm.sopcinfo, is not embedded into sof file as expected.  Some tools, such as System Console, may not function fully.
Warning (210042): Can't convert time-limited SOF into POF, HEX File, TTF, or RBF
Info: Quartus Prime Assembler was successful. 0 errors, 3 warnings
    Info: Peak virtual memory: 1811 megabytes
    Info: Processing ended: Sat May 11 04:04:16 2019
    Info: Elapsed time: 00:00:37
    Info: Total CPU time (on all processors): 00:00:32


